build/app/outputs/mapping/release/seeds.txt
bpk.light.worktracker.MainActivity
bpk.light.worktracker.MainActivity: MainActivity()
...
androidx.lifecycle.Lifecycle$Event: androidx.lifecycle.Lifecycle$Event ON_CREATE
androidx.lifecycle.Lifecycle$Event: androidx.lifecycle.Lifecycle$Event valueOf(java.lang.String)
com.google.android.gms.internal.firebase-auth-api.zzwr: android.os.Parcelable$Creator CREATOR
com.google.firebase.database.core.view.QueryParams$ViewFrom: com.google.firebase.database.core.view.QueryParams$ViewFrom valueOf(java.lang.String)
io.flutter.plugins.firebase.database.FlutterFirebaseAppRegistrar
com.google.firebase.database.core.operation.OperationSource$Source: com.google.firebase.database.core.operation.OperationSource$Source[] values()
androidx.core.graphics.drawable.IconCompatParcelizer: androidx.core.graphics.drawable.IconCompat read(androidx.versionedparcelable.VersionedParcel)
com.google.android.gms.internal.firebase-auth-api.zzfw: com.google.android.gms.internal.firebase-auth-api.zzym zze
com.google.android.gms.safetynet.zzf: android.os.Parcelable$Creator CREATOR
com.google.android.gms.internal.firebase-auth-api.zzig: com.google.android.gms.internal.firebase-auth-api.zzig zzf
io.flutter.view.FlutterCallbackInformation: java.lang.String callbackClassName
io.flutter.embedding.engine.FlutterJNI: boolean nativeFlutterTextUtilsIsEmoji(int)
com.google.firebase.database.connection.Connection$State: com.google.firebase.database.connection.Connection$State valueOf(java.lang.String)
io.flutter.plugins.firebase.core.FlutterFirebasePlugin: com.google.android.gms.tasks.Task didReinitializeFirebaseCore()
com.google.firebase.database.collection.LLRBNode$Color: com.google.firebase.database.collection.LLRBNode$Color valueOf(java.lang.String)
io.flutter.view.AccessibilityViewEmbedder: android.util.SparseArray flutterIdToOrigin
io.flutter.embedding.engine.FlutterJNI: void onEndFrame()
androidx.fragment.app.FragmentManagerViewModel
com.google.android.gms.internal.firebase-auth-api.zzlg: android.os.Parcelable$Creator CREATOR
com.google.android.gms.internal.firebase-auth-api.zzlq: android.os.Parcelable$Creator CREATOR
com.google.android.gms.internal.firebase-auth-api.zzwt: android.os.Parcelable$Creator CREATOR
androidx.versionedparcelable.CustomVersionedParcelable: CustomVersionedParcelable()
com.google.android.gms.internal.firebase-auth-api.zzfb: com.google.android.gms.internal.firebase-auth-api.zzym zzf
io.flutter.plugin.editing.ImeSyncDeferringInsetsCallback: ImeSyncDeferringInsetsCallback(android.view.View,int,int)
com.google.firebase.auth.GithubAuthCredential: android.os.Parcelable$Creator CREATOR
com.google.android.gms.internal.firebase-auth-api.zzfb: int zzb
io.flutter.embedding.android.FlutterView: io.flutter.embedding.engine.FlutterEngine getAttachedFlutterEngine()
io.flutter.embedding.engine.mutatorsstack.FlutterMutatorsStack: void pushTransform(float[])
com.google.android.gms.internal.firebase-auth-api.zzib: com.google.android.gms.internal.firebase-auth-api.zzzt zze
io.flutter.embedding.android.FlutterSplashView$SavedState: android.os.Bundle access$700(io.flutter.embedding.android.FlutterSplashView$SavedState)
com.google.android.gms.internal.firebase-auth-api.zzhw: int zzf
com.google.firebase.auth.internal.zzae: android.os.Parcelable$Creator CREATOR
com.google.android.gms.internal.firebase-auth-api.zzfh
androidx.core.graphics.drawable.IconCompatParcelizer
com.google.android.gms.internal.firebase-auth-api.zzlk: android.os.Parcelable$Creator CREATOR
io.flutter.view.AccessibilityViewEmbedder: void cacheVirtualIdMappings(android.view.View,int,int)
io.flutter.embedding.engine.FlutterJNI: void detachFromNativeAndReleaseResources()
io.flutter.embedding.engine.FlutterJNI: void asyncWaitForVsync(long)
io.flutter.embedding.android.FlutterView$ZeroSides: io.flutter.embedding.android.FlutterView$ZeroSides valueOf(java.lang.String)
io.flutter.plugin.platform.SingleViewPresentation: boolean startFocused
io.flutter.embedding.engine.FlutterJNI: void onSurfaceCreated(android.view.Surface)