build/app/outputs/mapping/release/mapping.txt
# compiler: R8
# compiler_version: 2.1.62
# min_api: 16
# pg_map_id: bfd961c
# common_typos_disable
...
io.flutter.plugins.firebase.auth.-$$Lambda$FlutterFirebaseAuthPlugin$6sLIPhqI2WT4DYHYK5zq7tyKjuQ -> io.flutter.plugins.firebase.auth.h:
    java.util.Map f$1 -> b
    io.flutter.plugins.firebase.auth.FlutterFirebaseAuthPlugin f$0 -> a
io.flutter.plugins.firebase.auth.-$$Lambda$FlutterFirebaseAuthPlugin$7xjIbMYPO0ctD2lz8l5Fsr84Lv4 -> io.flutter.plugins.firebase.auth.i:
    java.util.Map f$1 -> b
    io.flutter.plugins.firebase.auth.FlutterFirebaseAuthPlugin f$0 -> a
io.flutter.plugins.firebase.auth.-$$Lambda$FlutterFirebaseAuthPlugin$8rCPrGULLEqLRORS8N-mC_6VP_k -> io.flutter.plugins.firebase.auth.j:
    java.util.Map f$1 -> b
    io.flutter.plugins.firebase.auth.FlutterFirebaseAuthPlugin f$0 -> a
io.flutter.plugins.firebase.auth.-$$Lambda$FlutterFirebaseAuthPlugin$9Sh96yHGaqXKF0YGQdDg3EqBRzg -> io.flutter.plugins.firebase.auth.k:
    java.util.Map f$1 -> b
    io.flutter.plugins.firebase.auth.FlutterFirebaseAuthPlugin f$0 -> a
    void onAuthStateChanged(com.google.firebase.auth.FirebaseAuth) -> a
io.flutter.plugins.firebase.auth.-$$Lambda$FlutterFirebaseAuthPlugin$EW8Wy1QnF-LR89q-3NFtR9-5mjE -> io.flutter.plugins.firebase.auth.l:
    java.util.Map f$1 -> b
    io.flutter.plugins.firebase.auth.FlutterFirebaseAuthPlugin f$0 -> a
io.flutter.plugins.firebase.auth.-$$Lambda$FlutterFirebaseAuthPlugin$IzgBRZZTNp8pnhf30jdod91sFXE -> io.flutter.plugins.firebase.auth.m:
    io.flutter.plugins.firebase.auth.-$$Lambda$FlutterFirebaseAuthPlugin$IzgBRZZTNp8pnhf30jdod91sFXE INSTANCE -> a
io.flutter.plugins.firebase.auth.-$$Lambda$FlutterFirebaseAuthPlugin$KSFApU3a52-2__Xrqitm-9Bq-fw -> io.flutter.plugins.firebase.auth.n:
    java.util.Map f$1 -> b
    io.flutter.plugins.firebase.auth.FlutterFirebaseAuthPlugin f$0 -> a
io.flutter.plugins.firebase.auth.-$$Lambda$FlutterFirebaseAuthPlugin$LlSjBCklDOytDMkbGyDPSj1SeAs -> io.flutter.plugins.firebase.auth.o:
    java.util.Map f$1 -> b
    io.flutter.plugins.firebase.auth.FlutterFirebaseAuthPlugin f$0 -> a
io.flutter.plugins.firebase.auth.-$$Lambda$FlutterFirebaseAuthPlugin$MWc0N8ETjH6CMWUbwLmgzibjd7k -> io.flutter.plugins.firebase.auth.p:
    java.util.Map f$1 -> b
    io.flutter.plugins.firebase.auth.FlutterFirebaseAuthPlugin f$0 -> a
io.flutter.plugins.firebase.auth.-$$Lambda$FlutterFirebaseAuthPlugin$PheNKkKsnD10XzKK_koTsDiJaEc -> io.flutter.plugins.firebase.auth.q:
    java.util.Map f$1 -> b
    io.flutter.plugins.firebase.auth.FlutterFirebaseAuthPlugin f$0 -> a
io.flutter.plugins.firebase.auth.-$$Lambda$FlutterFirebaseAuthPlugin$QfEZxd3jVs5rk1ed4uXQbXlgCI8 -> io.flutter.plugins.firebase.auth.r:
    java.util.Map f$1 -> b
    io.flutter.plugins.firebase.auth.FlutterFirebaseAuthPlugin f$0 -> a
io.flutter.plugins.firebase.auth.-$$Lambda$FlutterFirebaseAuthPlugin$S7qUJ3RrM7werykrT6Jjd3QNkdc -> io.flutter.plugins.firebase.auth.s:
    java.util.Map f$1 -> b
    io.flutter.plugins.firebase.auth.FlutterFirebaseAuthPlugin f$0 -> a
io.flutter.plugins.firebase.auth.-$$Lambda$FlutterFirebaseAuthPlugin$SlXcxmpgcqm3ElRRJQWFf-kyFt4 -> io.flutter.plugins.firebase.auth.t:
    io.flutter.plugins.firebase.auth.FlutterFirebaseAuthPlugin f$0 -> a
    com.google.firebase.FirebaseApp f$1 -> b
io.flutter.plugins.firebase.auth.-$$Lambda$FlutterFirebaseAuthPlugin$WLuES1AbxY8xgpg6J45VLMZexQc -> io.flutter.plugins.firebase.auth.u:
    java.util.Map f$1 -> b
    io.flutter.plugins.firebase.auth.FlutterFirebaseAuthPlugin f$0 -> a
io.flutter.plugins.firebase.auth.-$$Lambda$FlutterFirebaseAuthPlugin$YJjMJ8f5ZMRs7Iib_X0zM-nZfiI -> io.flutter.plugins.firebase.auth.v:
    io.flutter.plugins.firebase.auth.FlutterFirebaseAuthPlugin f$0 -> a
    io.flutter.plugin.common.MethodChannel$Result f$1 -> b
    void onComplete(com.google.android.gms.tasks.Task) -> a
io.flutter.plugins.firebase.auth.-$$Lambda$FlutterFirebaseAuthPlugin$aFodECfz8AUjzihEXKrV72hc1BI -> io.flutter.plugins.firebase.auth.w:
    java.util.Map f$1 -> b
    io.flutter.plugins.firebase.auth.FlutterFirebaseAuthPlugin f$0 -> a