build/app/outputs/mapping/release/usage.txt
bpk.light.worktracker.R$string
bpk.light.worktracker.R$dimen
bpk.light.worktracker.R$style
bpk.light.worktracker.R$integer
bpk.light.worktracker.R$color
bpk.light.worktracker.R$styleable
bpk.light.worktracker.BuildConfig
bpk.light.worktracker.R$attr
bpk.light.worktracker.R$layout
bpk.light.worktracker.R
bpk.light.worktracker.R$drawable
bpk.light.worktracker.R$mipmap
bpk.light.worktracker.R$id
...
androidx.core.R$layout
androidx.lifecycle.Transformations$2
kotlin.BuilderInference
kotlin.jdk7.AutoCloseableKt
kotlin.LazyKt__LazyKt
com.google.firebase.database.collection.R$id
kotlin.HashCodeKt
androidx.core.os.EnvironmentCompat
kotlin.math.MathKt__MathJVMKt
com.google.android.gms.base.R$drawable:
    private void <init>()
    public static final int common_google_signin_btn_icon_dark
    public static final int common_google_signin_btn_icon_dark_focused
    public static final int common_google_signin_btn_icon_dark_normal
    public static final int common_google_signin_btn_icon_dark_normal_background
    public static final int common_google_signin_btn_icon_disabled
    public static final int common_google_signin_btn_icon_light
    public static final int common_google_signin_btn_icon_light_focused
    public static final int common_google_signin_btn_icon_light_normal
    public static final int common_google_signin_btn_icon_light_normal_background
    public static final int common_google_signin_btn_text_dark
    public static final int common_google_signin_btn_text_dark_focused
    public static final int common_google_signin_btn_text_dark_normal
    public static final int common_google_signin_btn_text_dark_normal_background
    public static final int common_google_signin_btn_text_disabled
    public static final int common_google_signin_btn_text_light
    public static final int common_google_signin_btn_text_light_focused
    public static final int common_google_signin_btn_text_light_normal
    public static final int common_google_signin_btn_text_light_normal_background
    public static final int googleg_disabled_color_18
    public static final int googleg_standard_color_18
io.flutter.embedding.engine.systemchannels.NavigationChannel:
    public void setMethodCallHandler(io.flutter.plugin.common.MethodChannel$MethodCallHandler)
    private static final java.lang.String TAG
com.google.android.gms.common.internal.service.zam
kotlin.sequences.SequencesKt___SequencesKt$zipWithNext$1
com.google.android.gms.common.images.zab
androidx.core.widget.TintableCompoundDrawablesView
androidx.viewpager.widget.ViewPager$SavedState$1
com.google.firebase.auth.internal.zzap
com.google.firebase.R$color
io.flutter.plugin.common.BasicMessageChannel:
    static void resizeChannelBuffer(io.flutter.plugin.common.BinaryMessenger,java.lang.String,int)
    public void resizeChannelBuffer(int)
    private static final java.lang.String TAG
    public static final java.lang.String CHANNEL_BUFFERS_CHANNEL
com.google.android.gms.internal.firebase-auth-api.zzek:
    static void <clinit>()
    static final synthetic int[] zza
kotlin.coroutines.experimental.jvm.internal.CoroutineImpl
kotlin.sequences.SequencesKt___SequencesKt$asIterable$$inlined$Iterable$1
kotlin.SafePublicationLazyImpl$Companion
kotlin.properties.ObservableProperty
androidx.core.view.inputmethod.InputContentInfoCompat$InputContentInfoCompatApi25Impl
kotlin.jvm.internal.StringCompanionObject
androidx.loader.content.ModernAsyncTask$4
kotlin.collections.MapsKt__MapsJVMKt
kotlin.PreconditionsKt__PreconditionsKt
com.google.android.gms.internal.safetynet.zzn
androidx.viewpager.widget.ViewPager$PageTransformer
androidx.core.view.accessibility.AccessibilityManagerCompat$TouchExplorationStateChangeListener
kotlin.coroutines.experimental.migration.ExperimentalSuspendFunction2Migration
kotlin.jvm.internal.markers.KMutableCollection
kotlin.internal.InlineOnly
com.google.firebase.database.snapshot.EmptyNode:
    public com.google.firebase.database.snapshot.ChildKey getSuccessorChildKey(com.google.firebase.database.snapshot.ChildKey)